rake aborted!
ActiveRecord::NoDatabaseError: FATAL:  database "ap_production" does not exist
/Users/dvorkin212/.rvm/gems/ruby-2.2.1/gems/activerecord-4.2.1/lib/active_record/connection_adapters/postgresql_adapter.rb:661:in `rescue in connect'
/Users/dvorkin212/.rvm/gems/ruby-2.2.1/gems/activerecord-4.2.1/lib/active_record/connection_adapters/postgresql_adapter.rb:651:in `connect'
/Users/dvorkin212/.rvm/gems/ruby-2.2.1/gems/activerecord-4.2.1/lib/active_record/connection_adapters/postgresql_adapter.rb:242:in `initialize'
/Users/dvorkin212/.rvm/gems/ruby-2.2.1/gems/activerecord-4.2.1/lib/active_record/connection_adapters/postgresql_adapter.rb:44:in `new'
/Users/dvorkin212/.rvm/gems/ruby-2.2.1/gems/activerecord-4.2.1/lib/active_record/connection_adapters/postgresql_adapter.rb:44:in `postgresql_connection'
/Users/dvorkin212/.rvm/gems/ruby-2.2.1/gems/activerecord-4.2.1/lib/active_record/connection_adapters/abstract/connection_pool.rb:438:in `new_connection'
/Users/dvorkin212/.rvm/gems/ruby-2.2.1/gems/activerecord-4.2.1/lib/active_record/connection_adapters/abstract/connection_pool.rb:448:in `checkout_new_connection'
/Users/dvorkin212/.rvm/gems/ruby-2.2.1/gems/activerecord-4.2.1/lib/active_record/connection_adapters/abstract/connection_pool.rb:422:in `acquire_connection'
/Users/dvorkin212/.rvm/gems/ruby-2.2.1/gems/activerecord-4.2.1/lib/active_record/connection_adapters/abstract/connection_pool.rb:349:in `block in checkout'
/Users/dvorkin212/.rvm/gems/ruby-2.2.1/gems/activerecord-4.2.1/lib/active_record/connection_adapters/abstract/connection_pool.rb:348:in `checkout'
/Users/dvorkin212/.rvm/gems/ruby-2.2.1/gems/activerecord-4.2.1/lib/active_record/connection_adapters/abstract/connection_pool.rb:263:in `block in connection'
/Users/dvorkin212/.rvm/gems/ruby-2.2.1/gems/activerecord-4.2.1/lib/active_record/connection_adapters/abstract/connection_pool.rb:262:in `connection'
/Users/dvorkin212/.rvm/gems/ruby-2.2.1/gems/activerecord-4.2.1/lib/active_record/connection_adapters/abstract/connection_pool.rb:567:in `retrieve_connection'
/Users/dvorkin212/.rvm/gems/ruby-2.2.1/gems/activerecord-4.2.1/lib/active_record/connection_handling.rb:113:in `retrieve_connection'
/Users/dvorkin212/.rvm/gems/ruby-2.2.1/gems/activerecord-4.2.1/lib/active_record/connection_handling.rb:87:in `connection'
/Users/dvorkin212/.rvm/gems/ruby-2.2.1/gems/activerecord-4.2.1/lib/active_record/querying.rb:39:in `find_by_sql'
/Users/dvorkin212/.rvm/gems/ruby-2.2.1/gems/activerecord-4.2.1/lib/active_record/relation.rb:638:in `exec_queries'
/Users/dvorkin212/.rvm/gems/ruby-2.2.1/gems/activerecord-4.2.1/lib/active_record/relation.rb:514:in `load'
/Users/dvorkin212/.rvm/gems/ruby-2.2.1/gems/activerecord-4.2.1/lib/active_record/relation.rb:243:in `to_a'
/Users/dvorkin212/.rvm/gems/ruby-2.2.1/gems/activerecord-4.2.1/lib/active_record/relation/delegation.rb:46:in `each'
/Users/dvorkin212/Documents/ap/lib/tasks/session_tasks.rake:6:in `block (2 levels) in <top (required)>'
/Users/dvorkin212/.rvm/gems/ruby-2.2.1/bin/ruby_executable_hooks:15:in `eval'
/Users/dvorkin212/.rvm/gems/ruby-2.2.1/bin/ruby_executable_hooks:15:in `<main>'
PG::ConnectionBad: FATAL:  database "ap_production" does not exist
/Users/dvorkin212/.rvm/gems/ruby-2.2.1/gems/activerecord-4.2.1/lib/active_record/connection_adapters/postgresql_adapter.rb:651:in `initialize'
/Users/dvorkin212/.rvm/gems/ruby-2.2.1/gems/activerecord-4.2.1/lib/active_record/connection_adapters/postgresql_adapter.rb:651:in `new'
/Users/dvorkin212/.rvm/gems/ruby-2.2.1/gems/activerecord-4.2.1/lib/active_record/connection_adapters/postgresql_adapter.rb:651:in `connect'
/Users/dvorkin212/.rvm/gems/ruby-2.2.1/gems/activerecord-4.2.1/lib/active_record/connection_adapters/postgresql_adapter.rb:242:in `initialize'
/Users/dvorkin212/.rvm/gems/ruby-2.2.1/gems/activerecord-4.2.1/lib/active_record/connection_adapters/postgresql_adapter.rb:44:in `new'
/Users/dvorkin212/.rvm/gems/ruby-2.2.1/gems/activerecord-4.2.1/lib/active_record/connection_adapters/postgresql_adapter.rb:44:in `postgresql_connection'
/Users/dvorkin212/.rvm/gems/ruby-2.2.1/gems/activerecord-4.2.1/lib/active_record/connection_adapters/abstract/connection_pool.rb:438:in `new_connection'
/Users/dvorkin212/.rvm/gems/ruby-2.2.1/gems/activerecord-4.2.1/lib/active_record/connection_adapters/abstract/connection_pool.rb:448:in `checkout_new_connection'
/Users/dvorkin212/.rvm/gems/ruby-2.2.1/gems/activerecord-4.2.1/lib/active_record/connection_adapters/abstract/connection_pool.rb:422:in `acquire_connection'
/Users/dvorkin212/.rvm/gems/ruby-2.2.1/gems/activerecord-4.2.1/lib/active_record/connection_adapters/abstract/connection_pool.rb:349:in `block in checkout'
/Users/dvorkin212/.rvm/gems/ruby-2.2.1/gems/activerecord-4.2.1/lib/active_record/connection_adapters/abstract/connection_pool.rb:348:in `checkout'
/Users/dvorkin212/.rvm/gems/ruby-2.2.1/gems/activerecord-4.2.1/lib/active_record/connection_adapters/abstract/connection_pool.rb:263:in `block in connection'
/Users/dvorkin212/.rvm/gems/ruby-2.2.1/gems/activerecord-4.2.1/lib/active_record/connection_adapters/abstract/connection_pool.rb:262:in `connection'
/Users/dvorkin212/.rvm/gems/ruby-2.2.1/gems/activerecord-4.2.1/lib/active_record/connection_adapters/abstract/connection_pool.rb:567:in `retrieve_connection'
/Users/dvorkin212/.rvm/gems/ruby-2.2.1/gems/activerecord-4.2.1/lib/active_record/connection_handling.rb:113:in `retrieve_connection'
/Users/dvorkin212/.rvm/gems/ruby-2.2.1/gems/activerecord-4.2.1/lib/active_record/connection_handling.rb:87:in `connection'
/Users/dvorkin212/.rvm/gems/ruby-2.2.1/gems/activerecord-4.2.1/lib/active_record/querying.rb:39:in `find_by_sql'
/Users/dvorkin212/.rvm/gems/ruby-2.2.1/gems/activerecord-4.2.1/lib/active_record/relation.rb:638:in `exec_queries'
/Users/dvorkin212/.rvm/gems/ruby-2.2.1/gems/activerecord-4.2.1/lib/active_record/relation.rb:514:in `load'
/Users/dvorkin212/.rvm/gems/ruby-2.2.1/gems/activerecord-4.2.1/lib/active_record/relation.rb:243:in `to_a'
/Users/dvorkin212/.rvm/gems/ruby-2.2.1/gems/activerecord-4.2.1/lib/active_record/relation/delegation.rb:46:in `each'
/Users/dvorkin212/Documents/ap/lib/tasks/session_tasks.rake:6:in `block (2 levels) in <top (required)>'
/Users/dvorkin212/.rvm/gems/ruby-2.2.1/bin/ruby_executable_hooks:15:in `eval'
/Users/dvorkin212/.rvm/gems/ruby-2.2.1/bin/ruby_executable_hooks:15:in `<main>'
Tasks: TOP => session_tasks:delete_empty_orders
(See full trace by running task with --trace)
rake aborted!
ActiveRecord::NoDatabaseError: FATAL:  database "ap_production" does not exist
/Users/dvorkin212/.rvm/gems/ruby-2.2.1/gems/activerecord-4.2.1/lib/active_record/connection_adapters/postgresql_adapter.rb:661:in `rescue in connect'
/Users/dvorkin212/.rvm/gems/ruby-2.2.1/gems/activerecord-4.2.1/lib/active_record/connection_adapters/postgresql_adapter.rb:651:in `connect'
/Users/dvorkin212/.rvm/gems/ruby-2.2.1/gems/activerecord-4.2.1/lib/active_record/connection_adapters/postgresql_adapter.rb:242:in `initialize'
/Users/dvorkin212/.rvm/gems/ruby-2.2.1/gems/activerecord-4.2.1/lib/active_record/connection_adapters/postgresql_adapter.rb:44:in `new'
/Users/dvorkin212/.rvm/gems/ruby-2.2.1/gems/activerecord-4.2.1/lib/active_record/connection_adapters/postgresql_adapter.rb:44:in `postgresql_connection'
/Users/dvorkin212/.rvm/gems/ruby-2.2.1/gems/activerecord-4.2.1/lib/active_record/connection_adapters/abstract/connection_pool.rb:438:in `new_connection'
/Users/dvorkin212/.rvm/gems/ruby-2.2.1/gems/activerecord-4.2.1/lib/active_record/connection_adapters/abstract/connection_pool.rb:448:in `checkout_new_connection'
/Users/dvorkin212/.rvm/gems/ruby-2.2.1/gems/activerecord-4.2.1/lib/active_record/connection_adapters/abstract/connection_pool.rb:422:in `acquire_connection'
/Users/dvorkin212/.rvm/gems/ruby-2.2.1/gems/activerecord-4.2.1/lib/active_record/connection_adapters/abstract/connection_pool.rb:349:in `block in checkout'
/Users/dvorkin212/.rvm/gems/ruby-2.2.1/gems/activerecord-4.2.1/lib/active_record/connection_adapters/abstract/connection_pool.rb:348:in `checkout'
/Users/dvorkin212/.rvm/gems/ruby-2.2.1/gems/activerecord-4.2.1/lib/active_record/connection_adapters/abstract/connection_pool.rb:263:in `block in connection'
/Users/dvorkin212/.rvm/gems/ruby-2.2.1/gems/activerecord-4.2.1/lib/active_record/connection_adapters/abstract/connection_pool.rb:262:in `connection'
/Users/dvorkin212/.rvm/gems/ruby-2.2.1/gems/activerecord-4.2.1/lib/active_record/connection_adapters/abstract/connection_pool.rb:567:in `retrieve_connection'
/Users/dvorkin212/.rvm/gems/ruby-2.2.1/gems/activerecord-4.2.1/lib/active_record/connection_handling.rb:113:in `retrieve_connection'
/Users/dvorkin212/.rvm/gems/ruby-2.2.1/gems/activerecord-4.2.1/lib/active_record/connection_handling.rb:87:in `connection'
/Users/dvorkin212/.rvm/gems/ruby-2.2.1/gems/activerecord-4.2.1/lib/active_record/querying.rb:39:in `find_by_sql'
/Users/dvorkin212/.rvm/gems/ruby-2.2.1/gems/activerecord-4.2.1/lib/active_record/relation.rb:638:in `exec_queries'
/Users/dvorkin212/.rvm/gems/ruby-2.2.1/gems/activerecord-4.2.1/lib/active_record/relation.rb:514:in `load'
/Users/dvorkin212/.rvm/gems/ruby-2.2.1/gems/activerecord-4.2.1/lib/active_record/relation.rb:243:in `to_a'
/Users/dvorkin212/.rvm/gems/ruby-2.2.1/gems/activerecord-4.2.1/lib/active_record/relation/delegation.rb:46:in `each'
/Users/dvorkin212/Documents/ap/lib/tasks/session_tasks.rake:6:in `block (2 levels) in <top (required)>'
/Users/dvorkin212/.rvm/gems/ruby-2.2.1/bin/ruby_executable_hooks:15:in `eval'
/Users/dvorkin212/.rvm/gems/ruby-2.2.1/bin/ruby_executable_hooks:15:in `<main>'
PG::ConnectionBad: FATAL:  database "ap_production" does not exist
/Users/dvorkin212/.rvm/gems/ruby-2.2.1/gems/activerecord-4.2.1/lib/active_record/connection_adapters/postgresql_adapter.rb:651:in `initialize'
/Users/dvorkin212/.rvm/gems/ruby-2.2.1/gems/activerecord-4.2.1/lib/active_record/connection_adapters/postgresql_adapter.rb:651:in `new'
/Users/dvorkin212/.rvm/gems/ruby-2.2.1/gems/activerecord-4.2.1/lib/active_record/connection_adapters/postgresql_adapter.rb:651:in `connect'
/Users/dvorkin212/.rvm/gems/ruby-2.2.1/gems/activerecord-4.2.1/lib/active_record/connection_adapters/postgresql_adapter.rb:242:in `initialize'
/Users/dvorkin212/.rvm/gems/ruby-2.2.1/gems/activerecord-4.2.1/lib/active_record/connection_adapters/postgresql_adapter.rb:44:in `new'
/Users/dvorkin212/.rvm/gems/ruby-2.2.1/gems/activerecord-4.2.1/lib/active_record/connection_adapters/postgresql_adapter.rb:44:in `postgresql_connection'
/Users/dvorkin212/.rvm/gems/ruby-2.2.1/gems/activerecord-4.2.1/lib/active_record/connection_adapters/abstract/connection_pool.rb:438:in `new_connection'
/Users/dvorkin212/.rvm/gems/ruby-2.2.1/gems/activerecord-4.2.1/lib/active_record/connection_adapters/abstract/connection_pool.rb:448:in `checkout_new_connection'
/Users/dvorkin212/.rvm/gems/ruby-2.2.1/gems/activerecord-4.2.1/lib/active_record/connection_adapters/abstract/connection_pool.rb:422:in `acquire_connection'
/Users/dvorkin212/.rvm/gems/ruby-2.2.1/gems/activerecord-4.2.1/lib/active_record/connection_adapters/abstract/connection_pool.rb:349:in `block in checkout'
/Users/dvorkin212/.rvm/gems/ruby-2.2.1/gems/activerecord-4.2.1/lib/active_record/connection_adapters/abstract/connection_pool.rb:348:in `checkout'
/Users/dvorkin212/.rvm/gems/ruby-2.2.1/gems/activerecord-4.2.1/lib/active_record/connection_adapters/abstract/connection_pool.rb:263:in `block in connection'
/Users/dvorkin212/.rvm/gems/ruby-2.2.1/gems/activerecord-4.2.1/lib/active_record/connection_adapters/abstract/connection_pool.rb:262:in `connection'
/Users/dvorkin212/.rvm/gems/ruby-2.2.1/gems/activerecord-4.2.1/lib/active_record/connection_adapters/abstract/connection_pool.rb:567:in `retrieve_connection'
/Users/dvorkin212/.rvm/gems/ruby-2.2.1/gems/activerecord-4.2.1/lib/active_record/connection_handling.rb:113:in `retrieve_connection'
/Users/dvorkin212/.rvm/gems/ruby-2.2.1/gems/activerecord-4.2.1/lib/active_record/connection_handling.rb:87:in `connection'
/Users/dvorkin212/.rvm/gems/ruby-2.2.1/gems/activerecord-4.2.1/lib/active_record/querying.rb:39:in `find_by_sql'
/Users/dvorkin212/.rvm/gems/ruby-2.2.1/gems/activerecord-4.2.1/lib/active_record/relation.rb:638:in `exec_queries'
/Users/dvorkin212/.rvm/gems/ruby-2.2.1/gems/activerecord-4.2.1/lib/active_record/relation.rb:514:in `load'
/Users/dvorkin212/.rvm/gems/ruby-2.2.1/gems/activerecord-4.2.1/lib/active_record/relation.rb:243:in `to_a'
/Users/dvorkin212/.rvm/gems/ruby-2.2.1/gems/activerecord-4.2.1/lib/active_record/relation/delegation.rb:46:in `each'
/Users/dvorkin212/Documents/ap/lib/tasks/session_tasks.rake:6:in `block (2 levels) in <top (required)>'
/Users/dvorkin212/.rvm/gems/ruby-2.2.1/bin/ruby_executable_hooks:15:in `eval'
/Users/dvorkin212/.rvm/gems/ruby-2.2.1/bin/ruby_executable_hooks:15:in `<main>'
Tasks: TOP => session_tasks:delete_empty_orders
(See full trace by running task with --trace)
rake aborted!
ActiveRecord::NoDatabaseError: FATAL:  database "ap_production" does not exist
/Users/dvorkin212/.rvm/gems/ruby-2.2.1/gems/activerecord-4.2.1/lib/active_record/connection_adapters/postgresql_adapter.rb:661:in `rescue in connect'
/Users/dvorkin212/.rvm/gems/ruby-2.2.1/gems/activerecord-4.2.1/lib/active_record/connection_adapters/postgresql_adapter.rb:651:in `connect'
/Users/dvorkin212/.rvm/gems/ruby-2.2.1/gems/activerecord-4.2.1/lib/active_record/connection_adapters/postgresql_adapter.rb:242:in `initialize'
/Users/dvorkin212/.rvm/gems/ruby-2.2.1/gems/activerecord-4.2.1/lib/active_record/connection_adapters/postgresql_adapter.rb:44:in `new'
/Users/dvorkin212/.rvm/gems/ruby-2.2.1/gems/activerecord-4.2.1/lib/active_record/connection_adapters/postgresql_adapter.rb:44:in `postgresql_connection'
/Users/dvorkin212/.rvm/gems/ruby-2.2.1/gems/activerecord-4.2.1/lib/active_record/connection_adapters/abstract/connection_pool.rb:438:in `new_connection'
/Users/dvorkin212/.rvm/gems/ruby-2.2.1/gems/activerecord-4.2.1/lib/active_record/connection_adapters/abstract/connection_pool.rb:448:in `checkout_new_connection'
/Users/dvorkin212/.rvm/gems/ruby-2.2.1/gems/activerecord-4.2.1/lib/active_record/connection_adapters/abstract/connection_pool.rb:422:in `acquire_connection'
/Users/dvorkin212/.rvm/gems/ruby-2.2.1/gems/activerecord-4.2.1/lib/active_record/connection_adapters/abstract/connection_pool.rb:349:in `block in checkout'
/Users/dvorkin212/.rvm/gems/ruby-2.2.1/gems/activerecord-4.2.1/lib/active_record/connection_adapters/abstract/connection_pool.rb:348:in `checkout'
/Users/dvorkin212/.rvm/gems/ruby-2.2.1/gems/activerecord-4.2.1/lib/active_record/connection_adapters/abstract/connection_pool.rb:263:in `block in connection'
/Users/dvorkin212/.rvm/gems/ruby-2.2.1/gems/activerecord-4.2.1/lib/active_record/connection_adapters/abstract/connection_pool.rb:262:in `connection'
/Users/dvorkin212/.rvm/gems/ruby-2.2.1/gems/activerecord-4.2.1/lib/active_record/connection_adapters/abstract/connection_pool.rb:567:in `retrieve_connection'
/Users/dvorkin212/.rvm/gems/ruby-2.2.1/gems/activerecord-4.2.1/lib/active_record/connection_handling.rb:113:in `retrieve_connection'
/Users/dvorkin212/.rvm/gems/ruby-2.2.1/gems/activerecord-4.2.1/lib/active_record/connection_handling.rb:87:in `connection'
/Users/dvorkin212/.rvm/gems/ruby-2.2.1/gems/activerecord-4.2.1/lib/active_record/querying.rb:39:in `find_by_sql'
/Users/dvorkin212/.rvm/gems/ruby-2.2.1/gems/activerecord-4.2.1/lib/active_record/relation.rb:638:in `exec_queries'
/Users/dvorkin212/.rvm/gems/ruby-2.2.1/gems/activerecord-4.2.1/lib/active_record/relation.rb:514:in `load'
/Users/dvorkin212/.rvm/gems/ruby-2.2.1/gems/activerecord-4.2.1/lib/active_record/relation.rb:243:in `to_a'
/Users/dvorkin212/.rvm/gems/ruby-2.2.1/gems/activerecord-4.2.1/lib/active_record/relation/delegation.rb:46:in `each'
/Users/dvorkin212/Documents/ap/lib/tasks/session_tasks.rake:6:in `block (2 levels) in <top (required)>'
/Users/dvorkin212/.rvm/gems/ruby-2.2.1/bin/ruby_executable_hooks:15:in `eval'
/Users/dvorkin212/.rvm/gems/ruby-2.2.1/bin/ruby_executable_hooks:15:in `<main>'
PG::ConnectionBad: FATAL:  database "ap_production" does not exist
/Users/dvorkin212/.rvm/gems/ruby-2.2.1/gems/activerecord-4.2.1/lib/active_record/connection_adapters/postgresql_adapter.rb:651:in `initialize'
/Users/dvorkin212/.rvm/gems/ruby-2.2.1/gems/activerecord-4.2.1/lib/active_record/connection_adapters/postgresql_adapter.rb:651:in `new'
/Users/dvorkin212/.rvm/gems/ruby-2.2.1/gems/activerecord-4.2.1/lib/active_record/connection_adapters/postgresql_adapter.rb:651:in `connect'
/Users/dvorkin212/.rvm/gems/ruby-2.2.1/gems/activerecord-4.2.1/lib/active_record/connection_adapters/postgresql_adapter.rb:242:in `initialize'
/Users/dvorkin212/.rvm/gems/ruby-2.2.1/gems/activerecord-4.2.1/lib/active_record/connection_adapters/postgresql_adapter.rb:44:in `new'
/Users/dvorkin212/.rvm/gems/ruby-2.2.1/gems/activerecord-4.2.1/lib/active_record/connection_adapters/postgresql_adapter.rb:44:in `postgresql_connection'
/Users/dvorkin212/.rvm/gems/ruby-2.2.1/gems/activerecord-4.2.1/lib/active_record/connection_adapters/abstract/connection_pool.rb:438:in `new_connection'
/Users/dvorkin212/.rvm/gems/ruby-2.2.1/gems/activerecord-4.2.1/lib/active_record/connection_adapters/abstract/connection_pool.rb:448:in `checkout_new_connection'
/Users/dvorkin212/.rvm/gems/ruby-2.2.1/gems/activerecord-4.2.1/lib/active_record/connection_adapters/abstract/connection_pool.rb:422:in `acquire_connection'
/Users/dvorkin212/.rvm/gems/ruby-2.2.1/gems/activerecord-4.2.1/lib/active_record/connection_adapters/abstract/connection_pool.rb:349:in `block in checkout'
/Users/dvorkin212/.rvm/gems/ruby-2.2.1/gems/activerecord-4.2.1/lib/active_record/connection_adapters/abstract/connection_pool.rb:348:in `checkout'
/Users/dvorkin212/.rvm/gems/ruby-2.2.1/gems/activerecord-4.2.1/lib/active_record/connection_adapters/abstract/connection_pool.rb:263:in `block in connection'
/Users/dvorkin212/.rvm/gems/ruby-2.2.1/gems/activerecord-4.2.1/lib/active_record/connection_adapters/abstract/connection_pool.rb:262:in `connection'
/Users/dvorkin212/.rvm/gems/ruby-2.2.1/gems/activerecord-4.2.1/lib/active_record/connection_adapters/abstract/connection_pool.rb:567:in `retrieve_connection'
/Users/dvorkin212/.rvm/gems/ruby-2.2.1/gems/activerecord-4.2.1/lib/active_record/connection_handling.rb:113:in `retrieve_connection'
/Users/dvorkin212/.rvm/gems/ruby-2.2.1/gems/activerecord-4.2.1/lib/active_record/connection_handling.rb:87:in `connection'
/Users/dvorkin212/.rvm/gems/ruby-2.2.1/gems/activerecord-4.2.1/lib/active_record/querying.rb:39:in `find_by_sql'
/Users/dvorkin212/.rvm/gems/ruby-2.2.1/gems/activerecord-4.2.1/lib/active_record/relation.rb:638:in `exec_queries'
/Users/dvorkin212/.rvm/gems/ruby-2.2.1/gems/activerecord-4.2.1/lib/active_record/relation.rb:514:in `load'
/Users/dvorkin212/.rvm/gems/ruby-2.2.1/gems/activerecord-4.2.1/lib/active_record/relation.rb:243:in `to_a'
/Users/dvorkin212/.rvm/gems/ruby-2.2.1/gems/activerecord-4.2.1/lib/active_record/relation/delegation.rb:46:in `each'
/Users/dvorkin212/Documents/ap/lib/tasks/session_tasks.rake:6:in `block (2 levels) in <top (required)>'
/Users/dvorkin212/.rvm/gems/ruby-2.2.1/bin/ruby_executable_hooks:15:in `eval'
/Users/dvorkin212/.rvm/gems/ruby-2.2.1/bin/ruby_executable_hooks:15:in `<main>'
Tasks: TOP => session_tasks:delete_empty_orders
(See full trace by running task with --trace)
rake aborted!
ActiveRecord::NoDatabaseError: FATAL:  database "ap_production" does not exist
/Users/dvorkin212/.rvm/gems/ruby-2.2.1/gems/activerecord-4.2.1/lib/active_record/connection_adapters/postgresql_adapter.rb:661:in `rescue in connect'
/Users/dvorkin212/.rvm/gems/ruby-2.2.1/gems/activerecord-4.2.1/lib/active_record/connection_adapters/postgresql_adapter.rb:651:in `connect'
/Users/dvorkin212/.rvm/gems/ruby-2.2.1/gems/activerecord-4.2.1/lib/active_record/connection_adapters/postgresql_adapter.rb:242:in `initialize'
/Users/dvorkin212/.rvm/gems/ruby-2.2.1/gems/activerecord-4.2.1/lib/active_record/connection_adapters/postgresql_adapter.rb:44:in `new'
/Users/dvorkin212/.rvm/gems/ruby-2.2.1/gems/activerecord-4.2.1/lib/active_record/connection_adapters/postgresql_adapter.rb:44:in `postgresql_connection'
/Users/dvorkin212/.rvm/gems/ruby-2.2.1/gems/activerecord-4.2.1/lib/active_record/connection_adapters/abstract/connection_pool.rb:438:in `new_connection'
/Users/dvorkin212/.rvm/gems/ruby-2.2.1/gems/activerecord-4.2.1/lib/active_record/connection_adapters/abstract/connection_pool.rb:448:in `checkout_new_connection'
/Users/dvorkin212/.rvm/gems/ruby-2.2.1/gems/activerecord-4.2.1/lib/active_record/connection_adapters/abstract/connection_pool.rb:422:in `acquire_connection'
/Users/dvorkin212/.rvm/gems/ruby-2.2.1/gems/activerecord-4.2.1/lib/active_record/connection_adapters/abstract/connection_pool.rb:349:in `block in checkout'
/Users/dvorkin212/.rvm/gems/ruby-2.2.1/gems/activerecord-4.2.1/lib/active_record/connection_adapters/abstract/connection_pool.rb:348:in `checkout'
/Users/dvorkin212/.rvm/gems/ruby-2.2.1/gems/activerecord-4.2.1/lib/active_record/connection_adapters/abstract/connection_pool.rb:263:in `block in connection'
/Users/dvorkin212/.rvm/gems/ruby-2.2.1/gems/activerecord-4.2.1/lib/active_record/connection_adapters/abstract/connection_pool.rb:262:in `connection'
/Users/dvorkin212/.rvm/gems/ruby-2.2.1/gems/activerecord-4.2.1/lib/active_record/connection_adapters/abstract/connection_pool.rb:567:in `retrieve_connection'
/Users/dvorkin212/.rvm/gems/ruby-2.2.1/gems/activerecord-4.2.1/lib/active_record/connection_handling.rb:113:in `retrieve_connection'
/Users/dvorkin212/.rvm/gems/ruby-2.2.1/gems/activerecord-4.2.1/lib/active_record/connection_handling.rb:87:in `connection'
/Users/dvorkin212/.rvm/gems/ruby-2.2.1/gems/activerecord-4.2.1/lib/active_record/querying.rb:39:in `find_by_sql'
/Users/dvorkin212/.rvm/gems/ruby-2.2.1/gems/activerecord-4.2.1/lib/active_record/relation.rb:638:in `exec_queries'
/Users/dvorkin212/.rvm/gems/ruby-2.2.1/gems/activerecord-4.2.1/lib/active_record/relation.rb:514:in `load'
/Users/dvorkin212/.rvm/gems/ruby-2.2.1/gems/activerecord-4.2.1/lib/active_record/relation.rb:243:in `to_a'
/Users/dvorkin212/.rvm/gems/ruby-2.2.1/gems/activerecord-4.2.1/lib/active_record/relation/delegation.rb:46:in `each'
/Users/dvorkin212/Documents/ap/lib/tasks/session_tasks.rake:6:in `block (2 levels) in <top (required)>'
/Users/dvorkin212/.rvm/gems/ruby-2.2.1/bin/ruby_executable_hooks:15:in `eval'
/Users/dvorkin212/.rvm/gems/ruby-2.2.1/bin/ruby_executable_hooks:15:in `<main>'
PG::ConnectionBad: FATAL:  database "ap_production" does not exist
/Users/dvorkin212/.rvm/gems/ruby-2.2.1/gems/activerecord-4.2.1/lib/active_record/connection_adapters/postgresql_adapter.rb:651:in `initialize'
/Users/dvorkin212/.rvm/gems/ruby-2.2.1/gems/activerecord-4.2.1/lib/active_record/connection_adapters/postgresql_adapter.rb:651:in `new'
/Users/dvorkin212/.rvm/gems/ruby-2.2.1/gems/activerecord-4.2.1/lib/active_record/connection_adapters/postgresql_adapter.rb:651:in `connect'
/Users/dvorkin212/.rvm/gems/ruby-2.2.1/gems/activerecord-4.2.1/lib/active_record/connection_adapters/postgresql_adapter.rb:242:in `initialize'
/Users/dvorkin212/.rvm/gems/ruby-2.2.1/gems/activerecord-4.2.1/lib/active_record/connection_adapters/postgresql_adapter.rb:44:in `new'
/Users/dvorkin212/.rvm/gems/ruby-2.2.1/gems/activerecord-4.2.1/lib/active_record/connection_adapters/postgresql_adapter.rb:44:in `postgresql_connection'
/Users/dvorkin212/.rvm/gems/ruby-2.2.1/gems/activerecord-4.2.1/lib/active_record/connection_adapters/abstract/connection_pool.rb:438:in `new_connection'
/Users/dvorkin212/.rvm/gems/ruby-2.2.1/gems/activerecord-4.2.1/lib/active_record/connection_adapters/abstract/connection_pool.rb:448:in `checkout_new_connection'
/Users/dvorkin212/.rvm/gems/ruby-2.2.1/gems/activerecord-4.2.1/lib/active_record/connection_adapters/abstract/connection_pool.rb:422:in `acquire_connection'
/Users/dvorkin212/.rvm/gems/ruby-2.2.1/gems/activerecord-4.2.1/lib/active_record/connection_adapters/abstract/connection_pool.rb:349:in `block in checkout'
/Users/dvorkin212/.rvm/gems/ruby-2.2.1/gems/activerecord-4.2.1/lib/active_record/connection_adapters/abstract/connection_pool.rb:348:in `checkout'
/Users/dvorkin212/.rvm/gems/ruby-2.2.1/gems/activerecord-4.2.1/lib/active_record/connection_adapters/abstract/connection_pool.rb:263:in `block in connection'
/Users/dvorkin212/.rvm/gems/ruby-2.2.1/gems/activerecord-4.2.1/lib/active_record/connection_adapters/abstract/connection_pool.rb:262:in `connection'
/Users/dvorkin212/.rvm/gems/ruby-2.2.1/gems/activerecord-4.2.1/lib/active_record/connection_adapters/abstract/connection_pool.rb:567:in `retrieve_connection'
/Users/dvorkin212/.rvm/gems/ruby-2.2.1/gems/activerecord-4.2.1/lib/active_record/connection_handling.rb:113:in `retrieve_connection'
/Users/dvorkin212/.rvm/gems/ruby-2.2.1/gems/activerecord-4.2.1/lib/active_record/connection_handling.rb:87:in `connection'
/Users/dvorkin212/.rvm/gems/ruby-2.2.1/gems/activerecord-4.2.1/lib/active_record/querying.rb:39:in `find_by_sql'
/Users/dvorkin212/.rvm/gems/ruby-2.2.1/gems/activerecord-4.2.1/lib/active_record/relation.rb:638:in `exec_queries'
/Users/dvorkin212/.rvm/gems/ruby-2.2.1/gems/activerecord-4.2.1/lib/active_record/relation.rb:514:in `load'
/Users/dvorkin212/.rvm/gems/ruby-2.2.1/gems/activerecord-4.2.1/lib/active_record/relation.rb:243:in `to_a'
/Users/dvorkin212/.rvm/gems/ruby-2.2.1/gems/activerecord-4.2.1/lib/active_record/relation/delegation.rb:46:in `each'
/Users/dvorkin212/Documents/ap/lib/tasks/session_tasks.rake:6:in `block (2 levels) in <top (required)>'
/Users/dvorkin212/.rvm/gems/ruby-2.2.1/bin/ruby_executable_hooks:15:in `eval'
/Users/dvorkin212/.rvm/gems/ruby-2.2.1/bin/ruby_executable_hooks:15:in `<main>'
Tasks: TOP => session_tasks:delete_empty_orders
(See full trace by running task with --trace)
